GET /open/server.php?WSDL HTTP/1.1
Host: brzeszczot.net
User-Agent: gSOAP/2.8
Connection: close
Accept-Encoding: gzip, deflate

GET /open/server.php?WSDL HTTP/1.1
Host: brzeszczot.net
User-Agent: gSOAP/2.8
Connection: close
Accept-Encoding: gzip, deflate

GET /open/server.php?WSDL HTTP/1.1
Host: brzeszczot.net
User-Agent: gSOAP/2.8
Connection: close
Accept-Encoding: gzip, deflate

POST /open/php-wsdl-2.3/demo.php HTTP/1.1
Host: brzeszczot.net
User-Agent: gSOAP/2.8
Content-Type: text/xml; charset=utf-8
Content-Length: 687
Connection: close
SOAPAction: "http://brzeszczot.net/open/php-wsdl-2.3/ComplexTypeArrayDemo"

<?xml version="1.0" encoding="UTF-8"?>
<SOAP-ENV:Envelope xmlns:SOAP-ENV="http://schemas.xmlsoap.org/soap/envelope/" xmlns:SOAP-ENC="http://schemas.xmlsoap.org/soap/encoding/" xmlns:xsi="http://www.w3.org/2001/XMLSchema-instance" xmlns:xsd="http://www.w3.org/2001/XMLSchema" xmlns:ns1="http://brzeszczot.net/open/php-wsdl-2.3/"><SOAP-ENV:Body SOAP-ENV:encodingStyle="http://schemas.xmlsoap.org/soap/encoding/"><ns1:ComplexTypeArrayDemo><arr xsi:type="SOAP-ENC:Array" SOAP-ENC:arrayType="ns1:ComplexTypeDemo[1]"><item><StringA>dupaA</StringA><StringB>dupaB</StringB><Integer>34</Integer><Boolean>true</Boolean></item></arr></ns1:ComplexTypeArrayDemo></SOAP-ENV:Body></SOAP-ENV:Envelope>
POST /open/server.php HTTP/1.1
Host: brzeszczot.net
User-Agent: gSOAP/2.8
Content-Type: text/xml; charset=utf-8
Content-Length: 527
Connection: close
SOAPAction: "http://brzeszczot.net/open/AccountAuth"

<?xml version="1.0" encoding="UTF-8"?>
<SOAP-ENV:Envelope xmlns:SOAP-ENV="http://schemas.xmlsoap.org/soap/envelope/" xmlns:SOAP-ENC="http://schemas.xmlsoap.org/soap/encoding/" xmlns:xsi="http://www.w3.org/2001/XMLSchema-instance" xmlns:xsd="http://www.w3.org/2001/XMLSchema" xmlns:ns1="http://brzeszczot.net/open/"><SOAP-ENV:Body SOAP-ENV:encodingStyle="http://schemas.xmlsoap.org/soap/encoding/"><ns1:AccountAuth><email>brzeszczot@gmail.com</email><pass>alamakota</pass></ns1:AccountAuth></SOAP-ENV:Body></SOAP-ENV:Envelope>
POST /open/server.php HTTP/1.1
Host: brzeszczot.net
User-Agent: gSOAP/2.8
Content-Type: text/xml; charset=utf-8
Content-Length: 527
Connection: close
SOAPAction: "http://brzeszczot.net/open/AccountAuth"

<?xml version="1.0" encoding="UTF-8"?>
<SOAP-ENV:Envelope xmlns:SOAP-ENV="http://schemas.xmlsoap.org/soap/envelope/" xmlns:SOAP-ENC="http://schemas.xmlsoap.org/soap/encoding/" xmlns:xsi="http://www.w3.org/2001/XMLSchema-instance" xmlns:xsd="http://www.w3.org/2001/XMLSchema" xmlns:ns1="http://brzeszczot.net/open/"><SOAP-ENV:Body SOAP-ENV:encodingStyle="http://schemas.xmlsoap.org/soap/encoding/"><ns1:AccountAuth><email>brzeszczot@gmail.com</email><pass>alamakota</pass></ns1:AccountAuth></SOAP-ENV:Body></SOAP-ENV:Envelope>
POST /open/server.php HTTP/1.1
Host: brzeszczot.net
User-Agent: gSOAP/2.8
Content-Type: text/xml; charset=utf-8
Content-Length: 527
Connection: close
SOAPAction: "http://brzeszczot.net/open/AccountAuth"

<?xml version="1.0" encoding="UTF-8"?>
<SOAP-ENV:Envelope xmlns:SOAP-ENV="http://schemas.xmlsoap.org/soap/envelope/" xmlns:SOAP-ENC="http://schemas.xmlsoap.org/soap/encoding/" xmlns:xsi="http://www.w3.org/2001/XMLSchema-instance" xmlns:xsd="http://www.w3.org/2001/XMLSchema" xmlns:ns1="http://brzeszczot.net/open/"><SOAP-ENV:Body SOAP-ENV:encodingStyle="http://schemas.xmlsoap.org/soap/encoding/"><ns1:AccountAuth><email>brzeszczot@gmail.com</email><pass>alamakota</pass></ns1:AccountAuth></SOAP-ENV:Body></SOAP-ENV:Envelope>
POST /open/server.php HTTP/1.1
Host: brzeszczot.net
User-Agent: gSOAP/2.8
Content-Type: text/xml; charset=utf-8
Content-Length: 527
Connection: close
SOAPAction: "http://brzeszczot.net/open/AccountAuth"

<?xml version="1.0" encoding="UTF-8"?>
<SOAP-ENV:Envelope xmlns:SOAP-ENV="http://schemas.xmlsoap.org/soap/envelope/" xmlns:SOAP-ENC="http://schemas.xmlsoap.org/soap/encoding/" xmlns:xsi="http://www.w3.org/2001/XMLSchema-instance" xmlns:xsd="http://www.w3.org/2001/XMLSchema" xmlns:ns1="http://brzeszczot.net/open/"><SOAP-ENV:Body SOAP-ENV:encodingStyle="http://schemas.xmlsoap.org/soap/encoding/"><ns1:AccountAuth><email>brzeszczot@gmail.com</email><pass>alamakota</pass></ns1:AccountAuth></SOAP-ENV:Body></SOAP-ENV:Envelope>
POST /open/server.php HTTP/1.1
Host: brzeszczot.net
User-Agent: gSOAP/2.8
Content-Type: text/xml; charset=utf-8
Content-Length: 527
Connection: close
SOAPAction: "http://brzeszczot.net/open/AccountAuth"

<?xml version="1.0" encoding="UTF-8"?>
<SOAP-ENV:Envelope xmlns:SOAP-ENV="http://schemas.xmlsoap.org/soap/envelope/" xmlns:SOAP-ENC="http://schemas.xmlsoap.org/soap/encoding/" xmlns:xsi="http://www.w3.org/2001/XMLSchema-instance" xmlns:xsd="http://www.w3.org/2001/XMLSchema" xmlns:ns1="http://brzeszczot.net/open/"><SOAP-ENV:Body SOAP-ENV:encodingStyle="http://schemas.xmlsoap.org/soap/encoding/"><ns1:AccountAuth><email>brzeszczot@gmail.com</email><pass>alamakota</pass></ns1:AccountAuth></SOAP-ENV:Body></SOAP-ENV:Envelope>
POST /open/server.php HTTP/1.1
Host: brzeszczot.net
User-Agent: gSOAP/2.8
Content-Type: text/xml; charset=utf-8
Content-Length: 552
Connection: close
SOAPAction: "http://brzeszczot.net/open/GetWord"

<?xml version="1.0" encoding="UTF-8"?>
<SOAP-ENV:Envelope xmlns:SOAP-ENV="http://schemas.xmlsoap.org/soap/envelope/" xmlns:SOAP-ENC="http://schemas.xmlsoap.org/soap/encoding/" xmlns:xsi="http://www.w3.org/2001/XMLSchema-instance" xmlns:xsd="http://www.w3.org/2001/XMLSchema" xmlns:ns1="http://brzeszczot.net/open/"><SOAP-ENV:Body SOAP-ENV:encodingStyle="http://schemas.xmlsoap.org/soap/encoding/"><ns1:GetWord><range>ALL</range><opt xsi:type="SOAP-ENC:Array" SOAP-ENC:arrayType="xsd:string[0]"></opt></ns1:GetWord></SOAP-ENV:Body></SOAP-ENV:Envelope>
POST /open/server.php HTTP/1.1
Host: brzeszczot.net
User-Agent: gSOAP/2.8
Content-Type: text/xml; charset=utf-8
Content-Length: 527
Connection: close
SOAPAction: "http://brzeszczot.net/open/AccountAuth"

<?xml version="1.0" encoding="UTF-8"?>
<SOAP-ENV:Envelope xmlns:SOAP-ENV="http://schemas.xmlsoap.org/soap/envelope/" xmlns:SOAP-ENC="http://schemas.xmlsoap.org/soap/encoding/" xmlns:xsi="http://www.w3.org/2001/XMLSchema-instance" xmlns:xsd="http://www.w3.org/2001/XMLSchema" xmlns:ns1="http://brzeszczot.net/open/"><SOAP-ENV:Body SOAP-ENV:encodingStyle="http://schemas.xmlsoap.org/soap/encoding/"><ns1:AccountAuth><email>brzeszczot@gmail.com</email><pass>alamakota</pass></ns1:AccountAuth></SOAP-ENV:Body></SOAP-ENV:Envelope>
POST /open/server.php HTTP/1.1
Host: brzeszczot.net
User-Agent: gSOAP/2.8
Content-Type: text/xml; charset=utf-8
Content-Length: 606
Connection: close
SOAPAction: "http://brzeszczot.net/open/GetWord"

<?xml version="1.0" encoding="UTF-8"?>
<SOAP-ENV:Envelope xmlns:SOAP-ENV="http://schemas.xmlsoap.org/soap/envelope/" xmlns:SOAP-ENC="http://schemas.xmlsoap.org/soap/encoding/" xmlns:xsi="http://www.w3.org/2001/XMLSchema-instance" xmlns:xsd="http://www.w3.org/2001/XMLSchema" xmlns:ns1="http://brzeszczot.net/open/"><SOAP-ENV:Body SOAP-ENV:encodingStyle="http://schemas.xmlsoap.org/soap/encoding/"><ns1:GetWord><range>ALL</range><opt xsi:type="SOAP-ENC:Array" SOAP-ENC:arrayType="xsd:string[3]"><item>Ala </item><item>ma </item><item>kota! :)</item></opt></ns1:GetWord></SOAP-ENV:Body></SOAP-ENV:Envelope>
POST /open/server.php HTTP/1.1
Host: brzeszczot.net
User-Agent: gSOAP/2.8
Content-Type: text/xml; charset=utf-8
Content-Length: 527
Connection: close
Authorization: Basic ZHVwYTpkdWFw
SOAPAction: "http://brzeszczot.net/open/AccountAuth"

<?xml version="1.0" encoding="UTF-8"?>
<SOAP-ENV:Envelope xmlns:SOAP-ENV="http://schemas.xmlsoap.org/soap/envelope/" xmlns:SOAP-ENC="http://schemas.xmlsoap.org/soap/encoding/" xmlns:xsi="http://www.w3.org/2001/XMLSchema-instance" xmlns:xsd="http://www.w3.org/2001/XMLSchema" xmlns:ns1="http://brzeszczot.net/open/"><SOAP-ENV:Body SOAP-ENV:encodingStyle="http://schemas.xmlsoap.org/soap/encoding/"><ns1:AccountAuth><email>brzeszczot@gmail.com</email><pass>alamakota</pass></ns1:AccountAuth></SOAP-ENV:Body></SOAP-ENV:Envelope>
POST /open/server.php HTTP/1.1
Host: brzeszczot.net
User-Agent: gSOAP/2.8
Content-Type: text/xml; charset=utf-8
Content-Length: 606
Connection: close
SOAPAction: "http://brzeszczot.net/open/GetWord"

<?xml version="1.0" encoding="UTF-8"?>
<SOAP-ENV:Envelope xmlns:SOAP-ENV="http://schemas.xmlsoap.org/soap/envelope/" xmlns:SOAP-ENC="http://schemas.xmlsoap.org/soap/encoding/" xmlns:xsi="http://www.w3.org/2001/XMLSchema-instance" xmlns:xsd="http://www.w3.org/2001/XMLSchema" xmlns:ns1="http://brzeszczot.net/open/"><SOAP-ENV:Body SOAP-ENV:encodingStyle="http://schemas.xmlsoap.org/soap/encoding/"><ns1:GetWord><range>ALL</range><opt xsi:type="SOAP-ENC:Array" SOAP-ENC:arrayType="xsd:string[3]"><item>Ala </item><item>ma </item><item>kota! :)</item></opt></ns1:GetWord></SOAP-ENV:Body></SOAP-ENV:Envelope>
POST /open/server.php HTTP/1.1
Host: brzeszczot.net
User-Agent: gSOAP/2.8
Content-Type: text/xml; charset=utf-8
Content-Length: 527
Connection: close
Authorization: Basic ZHVwYTpkdWFw
SOAPAction: "http://brzeszczot.net/open/AccountAuth"

<?xml version="1.0" encoding="UTF-8"?>
<SOAP-ENV:Envelope xmlns:SOAP-ENV="http://schemas.xmlsoap.org/soap/envelope/" xmlns:SOAP-ENC="http://schemas.xmlsoap.org/soap/encoding/" xmlns:xsi="http://www.w3.org/2001/XMLSchema-instance" xmlns:xsd="http://www.w3.org/2001/XMLSchema" xmlns:ns1="http://brzeszczot.net/open/"><SOAP-ENV:Body SOAP-ENV:encodingStyle="http://schemas.xmlsoap.org/soap/encoding/"><ns1:AccountAuth><email>brzeszczot@gmail.com</email><pass>alamakota</pass></ns1:AccountAuth></SOAP-ENV:Body></SOAP-ENV:Envelope>
POST /open/server.php HTTP/1.1
Host: brzeszczot.net
User-Agent: gSOAP/2.8
Content-Type: text/xml; charset=utf-8
Content-Length: 606
Connection: close
SOAPAction: "http://brzeszczot.net/open/GetWord"

<?xml version="1.0" encoding="UTF-8"?>
<SOAP-ENV:Envelope xmlns:SOAP-ENV="http://schemas.xmlsoap.org/soap/envelope/" xmlns:SOAP-ENC="http://schemas.xmlsoap.org/soap/encoding/" xmlns:xsi="http://www.w3.org/2001/XMLSchema-instance" xmlns:xsd="http://www.w3.org/2001/XMLSchema" xmlns:ns1="http://brzeszczot.net/open/"><SOAP-ENV:Body SOAP-ENV:encodingStyle="http://schemas.xmlsoap.org/soap/encoding/"><ns1:GetWord><range>ALL</range><opt xsi:type="SOAP-ENC:Array" SOAP-ENC:arrayType="xsd:string[3]"><item>Ala </item><item>ma </item><item>kota! :)</item></opt></ns1:GetWord></SOAP-ENV:Body></SOAP-ENV:Envelope>
POST /open/server.php HTTP/1.1
Host: brzeszczot.net
User-Agent: gSOAP/2.8
Content-Type: text/xml; charset=utf-8
Content-Length: 527
Connection: close
Authorization: Basic ZHVwYTpkdWFw
SOAPAction: "http://brzeszczot.net/open/AccountAuth"

<?xml version="1.0" encoding="UTF-8"?>
<SOAP-ENV:Envelope xmlns:SOAP-ENV="http://schemas.xmlsoap.org/soap/envelope/" xmlns:SOAP-ENC="http://schemas.xmlsoap.org/soap/encoding/" xmlns:xsi="http://www.w3.org/2001/XMLSchema-instance" xmlns:xsd="http://www.w3.org/2001/XMLSchema" xmlns:ns1="http://brzeszczot.net/open/"><SOAP-ENV:Body SOAP-ENV:encodingStyle="http://schemas.xmlsoap.org/soap/encoding/"><ns1:AccountAuth><email>brzeszczot@gmail.com</email><pass>alamakota</pass></ns1:AccountAuth></SOAP-ENV:Body></SOAP-ENV:Envelope>
POST /open/server.php HTTP/1.1
Host: brzeszczot.net
User-Agent: gSOAP/2.8
Content-Type: text/xml; charset=utf-8
Content-Length: 606
Connection: close
SOAPAction: "http://brzeszczot.net/open/GetWord"

<?xml version="1.0" encoding="UTF-8"?>
<SOAP-ENV:Envelope xmlns:SOAP-ENV="http://schemas.xmlsoap.org/soap/envelope/" xmlns:SOAP-ENC="http://schemas.xmlsoap.org/soap/encoding/" xmlns:xsi="http://www.w3.org/2001/XMLSchema-instance" xmlns:xsd="http://www.w3.org/2001/XMLSchema" xmlns:ns1="http://brzeszczot.net/open/"><SOAP-ENV:Body SOAP-ENV:encodingStyle="http://schemas.xmlsoap.org/soap/encoding/"><ns1:GetWord><range>ALL</range><opt xsi:type="SOAP-ENC:Array" SOAP-ENC:arrayType="xsd:string[3]"><item>Ala </item><item>ma </item><item>kota! :)</item></opt></ns1:GetWord></SOAP-ENV:Body></SOAP-ENV:Envelope>
POST /open/server.php HTTP/1.1
Host: brzeszczot.net
User-Agent: gSOAP/2.8
Content-Type: text/xml; charset=utf-8
Content-Length: 527
Connection: close
Authorization: Basic ZHVwYTpkdXBh
SOAPAction: "http://brzeszczot.net/open/AccountAuth"

<?xml version="1.0" encoding="UTF-8"?>
<SOAP-ENV:Envelope xmlns:SOAP-ENV="http://schemas.xmlsoap.org/soap/envelope/" xmlns:SOAP-ENC="http://schemas.xmlsoap.org/soap/encoding/" xmlns:xsi="http://www.w3.org/2001/XMLSchema-instance" xmlns:xsd="http://www.w3.org/2001/XMLSchema" xmlns:ns1="http://brzeszczot.net/open/"><SOAP-ENV:Body SOAP-ENV:encodingStyle="http://schemas.xmlsoap.org/soap/encoding/"><ns1:AccountAuth><email>brzeszczot@gmail.com</email><pass>alamakota</pass></ns1:AccountAuth></SOAP-ENV:Body></SOAP-ENV:Envelope>
POST /open/server.php HTTP/1.1
Host: brzeszczot.net
User-Agent: gSOAP/2.8
Content-Type: text/xml; charset=utf-8
Content-Length: 606
Connection: close
SOAPAction: "http://brzeszczot.net/open/GetWord"

<?xml version="1.0" encoding="UTF-8"?>
<SOAP-ENV:Envelope xmlns:SOAP-ENV="http://schemas.xmlsoap.org/soap/envelope/" xmlns:SOAP-ENC="http://schemas.xmlsoap.org/soap/encoding/" xmlns:xsi="http://www.w3.org/2001/XMLSchema-instance" xmlns:xsd="http://www.w3.org/2001/XMLSchema" xmlns:ns1="http://brzeszczot.net/open/"><SOAP-ENV:Body SOAP-ENV:encodingStyle="http://schemas.xmlsoap.org/soap/encoding/"><ns1:GetWord><range>ALL</range><opt xsi:type="SOAP-ENC:Array" SOAP-ENC:arrayType="xsd:string[3]"><item>Ala </item><item>ma </item><item>kota! :)</item></opt></ns1:GetWord></SOAP-ENV:Body></SOAP-ENV:Envelope>
POST /open/server.php HTTP/1.1
Host: brzeszczot.net
User-Agent: gSOAP/2.8
Content-Type: text/xml; charset=utf-8
Content-Length: 527
Connection: close
Authorization: Basic ZHVwYTpkdXBh
SOAPAction: "http://brzeszczot.net/open/AccountAuth"

<?xml version="1.0" encoding="UTF-8"?>
<SOAP-ENV:Envelope xmlns:SOAP-ENV="http://schemas.xmlsoap.org/soap/envelope/" xmlns:SOAP-ENC="http://schemas.xmlsoap.org/soap/encoding/" xmlns:xsi="http://www.w3.org/2001/XMLSchema-instance" xmlns:xsd="http://www.w3.org/2001/XMLSchema" xmlns:ns1="http://brzeszczot.net/open/"><SOAP-ENV:Body SOAP-ENV:encodingStyle="http://schemas.xmlsoap.org/soap/encoding/"><ns1:AccountAuth><email>brzeszczot@gmail.com</email><pass>alamakota</pass></ns1:AccountAuth></SOAP-ENV:Body></SOAP-ENV:Envelope>
POST /open/server.php HTTP/1.1
Host: brzeszczot.net
User-Agent: gSOAP/2.8
Content-Type: text/xml; charset=utf-8
Content-Length: 606
Connection: close
SOAPAction: "http://brzeszczot.net/open/GetWord"

<?xml version="1.0" encoding="UTF-8"?>
<SOAP-ENV:Envelope xmlns:SOAP-ENV="http://schemas.xmlsoap.org/soap/envelope/" xmlns:SOAP-ENC="http://schemas.xmlsoap.org/soap/encoding/" xmlns:xsi="http://www.w3.org/2001/XMLSchema-instance" xmlns:xsd="http://www.w3.org/2001/XMLSchema" xmlns:ns1="http://brzeszczot.net/open/"><SOAP-ENV:Body SOAP-ENV:encodingStyle="http://schemas.xmlsoap.org/soap/encoding/"><ns1:GetWord><range>ALL</range><opt xsi:type="SOAP-ENC:Array" SOAP-ENC:arrayType="xsd:string[3]"><item>Ala </item><item>ma </item><item>kota! :)</item></opt></ns1:GetWord></SOAP-ENV:Body></SOAP-ENV:Envelope>
POST /open/server.php HTTP/1.1
Host: brzeszczot.net
User-Agent: gSOAP/2.8
Content-Type: text/xml; charset=utf-8
Content-Length: 527
Connection: close
Authorization: Basic ZHVwYTpkdXBh
SOAPAction: "http://brzeszczot.net/open/AccountAuth"

<?xml version="1.0" encoding="UTF-8"?>
<SOAP-ENV:Envelope xmlns:SOAP-ENV="http://schemas.xmlsoap.org/soap/envelope/" xmlns:SOAP-ENC="http://schemas.xmlsoap.org/soap/encoding/" xmlns:xsi="http://www.w3.org/2001/XMLSchema-instance" xmlns:xsd="http://www.w3.org/2001/XMLSchema" xmlns:ns1="http://brzeszczot.net/open/"><SOAP-ENV:Body SOAP-ENV:encodingStyle="http://schemas.xmlsoap.org/soap/encoding/"><ns1:AccountAuth><email>brzeszczot@gmail.com</email><pass>alamakota</pass></ns1:AccountAuth></SOAP-ENV:Body></SOAP-ENV:Envelope>
POST /open/server.php HTTP/1.1
Host: brzeszczot.net
User-Agent: gSOAP/2.8
Content-Type: text/xml; charset=utf-8
Content-Length: 606
Connection: close
SOAPAction: "http://brzeszczot.net/open/GetWord"

<?xml version="1.0" encoding="UTF-8"?>
<SOAP-ENV:Envelope xmlns:SOAP-ENV="http://schemas.xmlsoap.org/soap/envelope/" xmlns:SOAP-ENC="http://schemas.xmlsoap.org/soap/encoding/" xmlns:xsi="http://www.w3.org/2001/XMLSchema-instance" xmlns:xsd="http://www.w3.org/2001/XMLSchema" xmlns:ns1="http://brzeszczot.net/open/"><SOAP-ENV:Body SOAP-ENV:encodingStyle="http://schemas.xmlsoap.org/soap/encoding/"><ns1:GetWord><range>ALL</range><opt xsi:type="SOAP-ENC:Array" SOAP-ENC:arrayType="xsd:string[3]"><item>Ala </item><item>ma </item><item>kota! :)</item></opt></ns1:GetWord></SOAP-ENV:Body></SOAP-ENV:Envelope>
POST /open/server.php HTTP/1.1
Host: brzeszczot.net
User-Agent: gSOAP/2.8
Content-Type: text/xml; charset=utf-8
Content-Length: 527
Connection: close
Authorization: Basic ZHVwYTpkdXBh
SOAPAction: "http://brzeszczot.net/open/AccountAuth"

<?xml version="1.0" encoding="UTF-8"?>
<SOAP-ENV:Envelope xmlns:SOAP-ENV="http://schemas.xmlsoap.org/soap/envelope/" xmlns:SOAP-ENC="http://schemas.xmlsoap.org/soap/encoding/" xmlns:xsi="http://www.w3.org/2001/XMLSchema-instance" xmlns:xsd="http://www.w3.org/2001/XMLSchema" xmlns:ns1="http://brzeszczot.net/open/"><SOAP-ENV:Body SOAP-ENV:encodingStyle="http://schemas.xmlsoap.org/soap/encoding/"><ns1:AccountAuth><email>brzeszczot@gmail.com</email><pass>alamakota</pass></ns1:AccountAuth></SOAP-ENV:Body></SOAP-ENV:Envelope>
POST /open/server.php HTTP/1.1
Host: brzeszczot.net
User-Agent: gSOAP/2.8
Content-Type: text/xml; charset=utf-8
Content-Length: 606
Connection: close
SOAPAction: "http://brzeszczot.net/open/GetWord"

<?xml version="1.0" encoding="UTF-8"?>
<SOAP-ENV:Envelope xmlns:SOAP-ENV="http://schemas.xmlsoap.org/soap/envelope/" xmlns:SOAP-ENC="http://schemas.xmlsoap.org/soap/encoding/" xmlns:xsi="http://www.w3.org/2001/XMLSchema-instance" xmlns:xsd="http://www.w3.org/2001/XMLSchema" xmlns:ns1="http://brzeszczot.net/open/"><SOAP-ENV:Body SOAP-ENV:encodingStyle="http://schemas.xmlsoap.org/soap/encoding/"><ns1:GetWord><range>ALL</range><opt xsi:type="SOAP-ENC:Array" SOAP-ENC:arrayType="xsd:string[3]"><item>Ala </item><item>ma </item><item>kota! :)</item></opt></ns1:GetWord></SOAP-ENV:Body></SOAP-ENV:Envelope>
POST /open/server.php HTTP/1.1
Host: brzeszczot.net
User-Agent: gSOAP/2.8
Content-Type: text/xml; charset=utf-8
Content-Length: 527
Connection: close
Authorization: Basic ZHVwYTpkdXBh
SOAPAction: "http://brzeszczot.net/open/AccountAuth"

<?xml version="1.0" encoding="UTF-8"?>
<SOAP-ENV:Envelope xmlns:SOAP-ENV="http://schemas.xmlsoap.org/soap/envelope/" xmlns:SOAP-ENC="http://schemas.xmlsoap.org/soap/encoding/" xmlns:xsi="http://www.w3.org/2001/XMLSchema-instance" xmlns:xsd="http://www.w3.org/2001/XMLSchema" xmlns:ns1="http://brzeszczot.net/open/"><SOAP-ENV:Body SOAP-ENV:encodingStyle="http://schemas.xmlsoap.org/soap/encoding/"><ns1:AccountAuth><email>brzeszczot@gmail.com</email><pass>alamakota</pass></ns1:AccountAuth></SOAP-ENV:Body></SOAP-ENV:Envelope>
POST /open/server.php HTTP/1.1
Host: brzeszczot.net
User-Agent: gSOAP/2.8
Content-Type: text/xml; charset=utf-8
Content-Length: 606
Connection: close
SOAPAction: "http://brzeszczot.net/open/GetWord"

<?xml version="1.0" encoding="UTF-8"?>
<SOAP-ENV:Envelope xmlns:SOAP-ENV="http://schemas.xmlsoap.org/soap/envelope/" xmlns:SOAP-ENC="http://schemas.xmlsoap.org/soap/encoding/" xmlns:xsi="http://www.w3.org/2001/XMLSchema-instance" xmlns:xsd="http://www.w3.org/2001/XMLSchema" xmlns:ns1="http://brzeszczot.net/open/"><SOAP-ENV:Body SOAP-ENV:encodingStyle="http://schemas.xmlsoap.org/soap/encoding/"><ns1:GetWord><range>ALL</range><opt xsi:type="SOAP-ENC:Array" SOAP-ENC:arrayType="xsd:string[3]"><item>Ala </item><item>ma </item><item>kota! :)</item></opt></ns1:GetWord></SOAP-ENV:Body></SOAP-ENV:Envelope>
POST /open/server.php HTTP/1.1
Host: brzeszczot.net
User-Agent: gSOAP/2.8
Content-Type: text/xml; charset=utf-8
Content-Length: 527
Connection: close
Authorization: Basic ZHVwYTpkdXBh
SOAPAction: "http://brzeszczot.net/open/AccountAuth"

<?xml version="1.0" encoding="UTF-8"?>
<SOAP-ENV:Envelope xmlns:SOAP-ENV="http://schemas.xmlsoap.org/soap/envelope/" xmlns:SOAP-ENC="http://schemas.xmlsoap.org/soap/encoding/" xmlns:xsi="http://www.w3.org/2001/XMLSchema-instance" xmlns:xsd="http://www.w3.org/2001/XMLSchema" xmlns:ns1="http://brzeszczot.net/open/"><SOAP-ENV:Body SOAP-ENV:encodingStyle="http://schemas.xmlsoap.org/soap/encoding/"><ns1:AccountAuth><email>brzeszczot@gmail.com</email><pass>alamakota</pass></ns1:AccountAuth></SOAP-ENV:Body></SOAP-ENV:Envelope>
POST /open/server.php HTTP/1.1
Host: brzeszczot.net
User-Agent: gSOAP/2.8
Content-Type: text/xml; charset=utf-8
Content-Length: 606
Connection: close
SOAPAction: "http://brzeszczot.net/open/GetWord"

<?xml version="1.0" encoding="UTF-8"?>
<SOAP-ENV:Envelope xmlns:SOAP-ENV="http://schemas.xmlsoap.org/soap/envelope/" xmlns:SOAP-ENC="http://schemas.xmlsoap.org/soap/encoding/" xmlns:xsi="http://www.w3.org/2001/XMLSchema-instance" xmlns:xsd="http://www.w3.org/2001/XMLSchema" xmlns:ns1="http://brzeszczot.net/open/"><SOAP-ENV:Body SOAP-ENV:encodingStyle="http://schemas.xmlsoap.org/soap/encoding/"><ns1:GetWord><range>ALL</range><opt xsi:type="SOAP-ENC:Array" SOAP-ENC:arrayType="xsd:string[3]"><item>Ala </item><item>ma </item><item>kota! :)</item></opt></ns1:GetWord></SOAP-ENV:Body></SOAP-ENV:Envelope>
POST /open/server.php HTTP/1.1
Host: brzeszczot.net
User-Agent: gSOAP/2.8
Content-Type: text/xml; charset=utf-8
Content-Length: 527
Connection: close
Authorization: Basic ZHVwYTpkdXBh
SOAPAction: "http://brzeszczot.net/open/AccountAuth"

<?xml version="1.0" encoding="UTF-8"?>
<SOAP-ENV:Envelope xmlns:SOAP-ENV="http://schemas.xmlsoap.org/soap/envelope/" xmlns:SOAP-ENC="http://schemas.xmlsoap.org/soap/encoding/" xmlns:xsi="http://www.w3.org/2001/XMLSchema-instance" xmlns:xsd="http://www.w3.org/2001/XMLSchema" xmlns:ns1="http://brzeszczot.net/open/"><SOAP-ENV:Body SOAP-ENV:encodingStyle="http://schemas.xmlsoap.org/soap/encoding/"><ns1:AccountAuth><email>brzeszczot@gmail.com</email><pass>alamakota</pass></ns1:AccountAuth></SOAP-ENV:Body></SOAP-ENV:Envelope>
POST /open/server.php HTTP/1.1
Host: brzeszczot.net
User-Agent: gSOAP/2.8
Content-Type: text/xml; charset=utf-8
Content-Length: 606
Connection: close
SOAPAction: "http://brzeszczot.net/open/GetWord"

<?xml version="1.0" encoding="UTF-8"?>
<SOAP-ENV:Envelope xmlns:SOAP-ENV="http://schemas.xmlsoap.org/soap/envelope/" xmlns:SOAP-ENC="http://schemas.xmlsoap.org/soap/encoding/" xmlns:xsi="http://www.w3.org/2001/XMLSchema-instance" xmlns:xsd="http://www.w3.org/2001/XMLSchema" xmlns:ns1="http://brzeszczot.net/open/"><SOAP-ENV:Body SOAP-ENV:encodingStyle="http://schemas.xmlsoap.org/soap/encoding/"><ns1:GetWord><range>ALL</range><opt xsi:type="SOAP-ENC:Array" SOAP-ENC:arrayType="xsd:string[3]"><item>Ala </item><item>ma </item><item>kota! :)</item></opt></ns1:GetWord></SOAP-ENV:Body></SOAP-ENV:Envelope>
POST /open/server.php HTTP/1.1
Host: brzeszczot.net
User-Agent: gSOAP/2.8
Content-Type: text/xml; charset=utf-8
Content-Length: 527
Connection: close
Authorization: Basic ZHVwYTpkdXBh
SOAPAction: "http://brzeszczot.net/open/AccountAuth"

<?xml version="1.0" encoding="UTF-8"?>
<SOAP-ENV:Envelope xmlns:SOAP-ENV="http://schemas.xmlsoap.org/soap/envelope/" xmlns:SOAP-ENC="http://schemas.xmlsoap.org/soap/encoding/" xmlns:xsi="http://www.w3.org/2001/XMLSchema-instance" xmlns:xsd="http://www.w3.org/2001/XMLSchema" xmlns:ns1="http://brzeszczot.net/open/"><SOAP-ENV:Body SOAP-ENV:encodingStyle="http://schemas.xmlsoap.org/soap/encoding/"><ns1:AccountAuth><email>brzeszczot@gmail.com</email><pass>alamakota</pass></ns1:AccountAuth></SOAP-ENV:Body></SOAP-ENV:Envelope>
POST /open/server.php HTTP/1.1
Host: brzeszczot.net
User-Agent: gSOAP/2.8
Content-Type: text/xml; charset=utf-8
Content-Length: 606
Connection: close
SOAPAction: "http://brzeszczot.net/open/GetWord"

<?xml version="1.0" encoding="UTF-8"?>
<SOAP-ENV:Envelope xmlns:SOAP-ENV="http://schemas.xmlsoap.org/soap/envelope/" xmlns:SOAP-ENC="http://schemas.xmlsoap.org/soap/encoding/" xmlns:xsi="http://www.w3.org/2001/XMLSchema-instance" xmlns:xsd="http://www.w3.org/2001/XMLSchema" xmlns:ns1="http://brzeszczot.net/open/"><SOAP-ENV:Body SOAP-ENV:encodingStyle="http://schemas.xmlsoap.org/soap/encoding/"><ns1:GetWord><range>ALL</range><opt xsi:type="SOAP-ENC:Array" SOAP-ENC:arrayType="xsd:string[3]"><item>Ala </item><item>ma </item><item>kota! :)</item></opt></ns1:GetWord></SOAP-ENV:Body></SOAP-ENV:Envelope>
POST /open/server.php HTTP/1.1
Host: brzeszczot.net
User-Agent: gSOAP/2.8
Content-Type: text/xml; charset=utf-8
Content-Length: 606
Connection: close
Authorization: Basic ZHVwYTpkdXBh
SOAPAction: "http://brzeszczot.net/open/GetWord"

<?xml version="1.0" encoding="UTF-8"?>
<SOAP-ENV:Envelope xmlns:SOAP-ENV="http://schemas.xmlsoap.org/soap/envelope/" xmlns:SOAP-ENC="http://schemas.xmlsoap.org/soap/encoding/" xmlns:xsi="http://www.w3.org/2001/XMLSchema-instance" xmlns:xsd="http://www.w3.org/2001/XMLSchema" xmlns:ns1="http://brzeszczot.net/open/"><SOAP-ENV:Body SOAP-ENV:encodingStyle="http://schemas.xmlsoap.org/soap/encoding/"><ns1:GetWord><range>ALL</range><opt xsi:type="SOAP-ENC:Array" SOAP-ENC:arrayType="xsd:string[3]"><item>Ala </item><item>ma </item><item>kota! :)</item></opt></ns1:GetWord></SOAP-ENV:Body></SOAP-ENV:Envelope>
POST /open/server.php HTTP/1.1
Host: brzeszczot.net
User-Agent: gSOAP/2.8
Content-Type: text/xml; charset=utf-8
Content-Length: 527
Connection: close
Authorization: Basic ZHVwYTpkdXBh
SOAPAction: "http://brzeszczot.net/open/AccountAuth"

<?xml version="1.0" encoding="UTF-8"?>
<SOAP-ENV:Envelope xmlns:SOAP-ENV="http://schemas.xmlsoap.org/soap/envelope/" xmlns:SOAP-ENC="http://schemas.xmlsoap.org/soap/encoding/" xmlns:xsi="http://www.w3.org/2001/XMLSchema-instance" xmlns:xsd="http://www.w3.org/2001/XMLSchema" xmlns:ns1="http://brzeszczot.net/open/"><SOAP-ENV:Body SOAP-ENV:encodingStyle="http://schemas.xmlsoap.org/soap/encoding/"><ns1:AccountAuth><email>brzeszczot@gmail.com</email><pass>alamakota</pass></ns1:AccountAuth></SOAP-ENV:Body></SOAP-ENV:Envelope>
POST /open/server.php HTTP/1.1
Host: brzeszczot.net
User-Agent: gSOAP/2.8
Content-Type: text/xml; charset=utf-8
Content-Length: 606
Connection: close
Authorization: Basic ZHVwYTpkdXBh
SOAPAction: "http://brzeszczot.net/open/GetWord"

<?xml version="1.0" encoding="UTF-8"?>
<SOAP-ENV:Envelope xmlns:SOAP-ENV="http://schemas.xmlsoap.org/soap/envelope/" xmlns:SOAP-ENC="http://schemas.xmlsoap.org/soap/encoding/" xmlns:xsi="http://www.w3.org/2001/XMLSchema-instance" xmlns:xsd="http://www.w3.org/2001/XMLSchema" xmlns:ns1="http://brzeszczot.net/open/"><SOAP-ENV:Body SOAP-ENV:encodingStyle="http://schemas.xmlsoap.org/soap/encoding/"><ns1:GetWord><range>ALL</range><opt xsi:type="SOAP-ENC:Array" SOAP-ENC:arrayType="xsd:string[3]"><item>Ala </item><item>ma </item><item>kota! :)</item></opt></ns1:GetWord></SOAP-ENV:Body></SOAP-ENV:Envelope>
POST /open/server.php HTTP/1.1
Host: brzeszczot.net
User-Agent: gSOAP/2.8
Content-Type: text/xml; charset=utf-8
Content-Length: 527
Connection: close
Authorization: Basic ZHVwYTpkdXBh
SOAPAction: "http://brzeszczot.net/open/AccountAuth"

<?xml version="1.0" encoding="UTF-8"?>
<SOAP-ENV:Envelope xmlns:SOAP-ENV="http://schemas.xmlsoap.org/soap/envelope/" xmlns:SOAP-ENC="http://schemas.xmlsoap.org/soap/encoding/" xmlns:xsi="http://www.w3.org/2001/XMLSchema-instance" xmlns:xsd="http://www.w3.org/2001/XMLSchema" xmlns:ns1="http://brzeszczot.net/open/"><SOAP-ENV:Body SOAP-ENV:encodingStyle="http://schemas.xmlsoap.org/soap/encoding/"><ns1:AccountAuth><email>brzeszczot@gmail.com</email><pass>alamakota</pass></ns1:AccountAuth></SOAP-ENV:Body></SOAP-ENV:Envelope>
POST /open/server.php HTTP/1.1
Host: brzeszczot.net
User-Agent: gSOAP/2.8
Content-Type: text/xml; charset=utf-8
Content-Length: 606
Connection: close
Authorization: Basic ZHVwYTpkdXBh
SOAPAction: "http://brzeszczot.net/open/GetWord"

<?xml version="1.0" encoding="UTF-8"?>
<SOAP-ENV:Envelope xmlns:SOAP-ENV="http://schemas.xmlsoap.org/soap/envelope/" xmlns:SOAP-ENC="http://schemas.xmlsoap.org/soap/encoding/" xmlns:xsi="http://www.w3.org/2001/XMLSchema-instance" xmlns:xsd="http://www.w3.org/2001/XMLSchema" xmlns:ns1="http://brzeszczot.net/open/"><SOAP-ENV:Body SOAP-ENV:encodingStyle="http://schemas.xmlsoap.org/soap/encoding/"><ns1:GetWord><range>ALL</range><opt xsi:type="SOAP-ENC:Array" SOAP-ENC:arrayType="xsd:string[3]"><item>Ala </item><item>ma </item><item>kota! :)</item></opt></ns1:GetWord></SOAP-ENV:Body></SOAP-ENV:Envelope>
POST /open/server.php HTTP/1.1
Host: brzeszczot.net
User-Agent: gSOAP/2.8
Content-Type: text/xml; charset=utf-8
Content-Length: 527
Connection: close
Authorization: Basic ZHVwYTpkdXBh
SOAPAction: "http://brzeszczot.net/open/AccountAuth"

<?xml version="1.0" encoding="UTF-8"?>
<SOAP-ENV:Envelope xmlns:SOAP-ENV="http://schemas.xmlsoap.org/soap/envelope/" xmlns:SOAP-ENC="http://schemas.xmlsoap.org/soap/encoding/" xmlns:xsi="http://www.w3.org/2001/XMLSchema-instance" xmlns:xsd="http://www.w3.org/2001/XMLSchema" xmlns:ns1="http://brzeszczot.net/open/"><SOAP-ENV:Body SOAP-ENV:encodingStyle="http://schemas.xmlsoap.org/soap/encoding/"><ns1:AccountAuth><email>brzeszczot@gmail.com</email><pass>alamakota</pass></ns1:AccountAuth></SOAP-ENV:Body></SOAP-ENV:Envelope>
POST /open/server.php HTTP/1.1
Host: brzeszczot.net
User-Agent: gSOAP/2.8
Content-Type: text/xml; charset=utf-8
Content-Length: 606
Connection: close
Authorization: Basic ZHVwYTpkdXBh
SOAPAction: "http://brzeszczot.net/open/GetWord"

<?xml version="1.0" encoding="UTF-8"?>
<SOAP-ENV:Envelope xmlns:SOAP-ENV="http://schemas.xmlsoap.org/soap/envelope/" xmlns:SOAP-ENC="http://schemas.xmlsoap.org/soap/encoding/" xmlns:xsi="http://www.w3.org/2001/XMLSchema-instance" xmlns:xsd="http://www.w3.org/2001/XMLSchema" xmlns:ns1="http://brzeszczot.net/open/"><SOAP-ENV:Body SOAP-ENV:encodingStyle="http://schemas.xmlsoap.org/soap/encoding/"><ns1:GetWord><range>ALL</range><opt xsi:type="SOAP-ENC:Array" SOAP-ENC:arrayType="xsd:string[3]"><item>Ala </item><item>ma </item><item>kota! :)</item></opt></ns1:GetWord></SOAP-ENV:Body></SOAP-ENV:Envelope>
POST /open/server.php HTTP/1.1
Host: brzeszczot.net
User-Agent: gSOAP/2.8
Content-Type: text/xml; charset=utf-8
Content-Length: 527
Connection: close
Authorization: Basic ZHVwYTpkdXBh
SOAPAction: "http://brzeszczot.net/open/AccountAuth"

<?xml version="1.0" encoding="UTF-8"?>
<SOAP-ENV:Envelope xmlns:SOAP-ENV="http://schemas.xmlsoap.org/soap/envelope/" xmlns:SOAP-ENC="http://schemas.xmlsoap.org/soap/encoding/" xmlns:xsi="http://www.w3.org/2001/XMLSchema-instance" xmlns:xsd="http://www.w3.org/2001/XMLSchema" xmlns:ns1="http://brzeszczot.net/open/"><SOAP-ENV:Body SOAP-ENV:encodingStyle="http://schemas.xmlsoap.org/soap/encoding/"><ns1:AccountAuth><email>brzeszczot@gmail.com</email><pass>alamakota</pass></ns1:AccountAuth></SOAP-ENV:Body></SOAP-ENV:Envelope>
POST /open/server.php HTTP/1.1
Host: brzeszczot.net
User-Agent: gSOAP/2.8
Content-Type: text/xml; charset=utf-8
Content-Length: 606
Connection: close
Authorization: Basic ZHVwYTpkdXBh
SOAPAction: "http://brzeszczot.net/open/GetWord"

<?xml version="1.0" encoding="UTF-8"?>
<SOAP-ENV:Envelope xmlns:SOAP-ENV="http://schemas.xmlsoap.org/soap/envelope/" xmlns:SOAP-ENC="http://schemas.xmlsoap.org/soap/encoding/" xmlns:xsi="http://www.w3.org/2001/XMLSchema-instance" xmlns:xsd="http://www.w3.org/2001/XMLSchema" xmlns:ns1="http://brzeszczot.net/open/"><SOAP-ENV:Body SOAP-ENV:encodingStyle="http://schemas.xmlsoap.org/soap/encoding/"><ns1:GetWord><range>ALL</range><opt xsi:type="SOAP-ENC:Array" SOAP-ENC:arrayType="xsd:string[3]"><item>Ala </item><item>ma </item><item>kota! :)</item></opt></ns1:GetWord></SOAP-ENV:Body></SOAP-ENV:Envelope>
POST /open/server.php HTTP/1.1
Host: brzeszczot.net
User-Agent: gSOAP/2.8
Content-Type: text/xml; charset=utf-8
Content-Length: 527
Connection: close
Authorization: Basic ZHVwYTpkdXBh
SOAPAction: "http://brzeszczot.net/open/AccountAuth"

<?xml version="1.0" encoding="UTF-8"?>
<SOAP-ENV:Envelope xmlns:SOAP-ENV="http://schemas.xmlsoap.org/soap/envelope/" xmlns:SOAP-ENC="http://schemas.xmlsoap.org/soap/encoding/" xmlns:xsi="http://www.w3.org/2001/XMLSchema-instance" xmlns:xsd="http://www.w3.org/2001/XMLSchema" xmlns:ns1="http://brzeszczot.net/open/"><SOAP-ENV:Body SOAP-ENV:encodingStyle="http://schemas.xmlsoap.org/soap/encoding/"><ns1:AccountAuth><email>brzeszczot@gmail.com</email><pass>alamakota</pass></ns1:AccountAuth></SOAP-ENV:Body></SOAP-ENV:Envelope>
POST /open/server.php HTTP/1.1
Host: brzeszczot.net
User-Agent: gSOAP/2.8
Content-Type: text/xml; charset=utf-8
Content-Length: 606
Connection: close
Authorization: Basic ZHVwYTpkdXBh
SOAPAction: "http://brzeszczot.net/open/GetWord"

<?xml version="1.0" encoding="UTF-8"?>
<SOAP-ENV:Envelope xmlns:SOAP-ENV="http://schemas.xmlsoap.org/soap/envelope/" xmlns:SOAP-ENC="http://schemas.xmlsoap.org/soap/encoding/" xmlns:xsi="http://www.w3.org/2001/XMLSchema-instance" xmlns:xsd="http://www.w3.org/2001/XMLSchema" xmlns:ns1="http://brzeszczot.net/open/"><SOAP-ENV:Body SOAP-ENV:encodingStyle="http://schemas.xmlsoap.org/soap/encoding/"><ns1:GetWord><range>ALL</range><opt xsi:type="SOAP-ENC:Array" SOAP-ENC:arrayType="xsd:string[3]"><item>Ala </item><item>ma </item><item>kota! :)</item></opt></ns1:GetWord></SOAP-ENV:Body></SOAP-ENV:Envelope>
POST /open/server.php HTTP/1.1
Host: brzeszczot.net
User-Agent: gSOAP/2.8
Content-Type: text/xml; charset=utf-8
Content-Length: 527
Connection: close
Authorization: Basic ZHVwYTpkdXBh
SOAPAction: "http://brzeszczot.net/open/AccountAuth"

<?xml version="1.0" encoding="UTF-8"?>
<SOAP-ENV:Envelope xmlns:SOAP-ENV="http://schemas.xmlsoap.org/soap/envelope/" xmlns:SOAP-ENC="http://schemas.xmlsoap.org/soap/encoding/" xmlns:xsi="http://www.w3.org/2001/XMLSchema-instance" xmlns:xsd="http://www.w3.org/2001/XMLSchema" xmlns:ns1="http://brzeszczot.net/open/"><SOAP-ENV:Body SOAP-ENV:encodingStyle="http://schemas.xmlsoap.org/soap/encoding/"><ns1:AccountAuth><email>brzeszczot@gmail.com</email><pass>alamakota</pass></ns1:AccountAuth></SOAP-ENV:Body></SOAP-ENV:Envelope>
POST /open/server.php HTTP/1.1
Host: brzeszczot.net
User-Agent: gSOAP/2.8
Content-Type: text/xml; charset=utf-8
Content-Length: 606
Connection: close
Authorization: Basic ZHVwYTpkdXBh
SOAPAction: "http://brzeszczot.net/open/GetWord"

<?xml version="1.0" encoding="UTF-8"?>
<SOAP-ENV:Envelope xmlns:SOAP-ENV="http://schemas.xmlsoap.org/soap/envelope/" xmlns:SOAP-ENC="http://schemas.xmlsoap.org/soap/encoding/" xmlns:xsi="http://www.w3.org/2001/XMLSchema-instance" xmlns:xsd="http://www.w3.org/2001/XMLSchema" xmlns:ns1="http://brzeszczot.net/open/"><SOAP-ENV:Body SOAP-ENV:encodingStyle="http://schemas.xmlsoap.org/soap/encoding/"><ns1:GetWord><range>ALL</range><opt xsi:type="SOAP-ENC:Array" SOAP-ENC:arrayType="xsd:string[3]"><item>Ala </item><item>ma </item><item>kota! :)</item></opt></ns1:GetWord></SOAP-ENV:Body></SOAP-ENV:Envelope>
POST /open/server.php HTTP/1.1
Host: brzeszczot.net
User-Agent: gSOAP/2.8
Content-Type: text/xml; charset=utf-8
Content-Length: 527
Connection: close
Authorization: Basic ZHVwYTpkdXBh
SOAPAction: "http://brzeszczot.net/open/AccountAuth"

<?xml version="1.0" encoding="UTF-8"?>
<SOAP-ENV:Envelope xmlns:SOAP-ENV="http://schemas.xmlsoap.org/soap/envelope/" xmlns:SOAP-ENC="http://schemas.xmlsoap.org/soap/encoding/" xmlns:xsi="http://www.w3.org/2001/XMLSchema-instance" xmlns:xsd="http://www.w3.org/2001/XMLSchema" xmlns:ns1="http://brzeszczot.net/open/"><SOAP-ENV:Body SOAP-ENV:encodingStyle="http://schemas.xmlsoap.org/soap/encoding/"><ns1:AccountAuth><email>brzeszczot@gmail.com</email><pass>alamakota</pass></ns1:AccountAuth></SOAP-ENV:Body></SOAP-ENV:Envelope>
POST /open/server.php HTTP/1.1
Host: brzeszczot.net
User-Agent: gSOAP/2.8
Content-Type: text/xml; charset=utf-8
Content-Length: 606
Connection: close
Authorization: Basic ZHVwYTpkdXBh
SOAPAction: "http://brzeszczot.net/open/GetWord"

<?xml version="1.0" encoding="UTF-8"?>
<SOAP-ENV:Envelope xmlns:SOAP-ENV="http://schemas.xmlsoap.org/soap/envelope/" xmlns:SOAP-ENC="http://schemas.xmlsoap.org/soap/encoding/" xmlns:xsi="http://www.w3.org/2001/XMLSchema-instance" xmlns:xsd="http://www.w3.org/2001/XMLSchema" xmlns:ns1="http://brzeszczot.net/open/"><SOAP-ENV:Body SOAP-ENV:encodingStyle="http://schemas.xmlsoap.org/soap/encoding/"><ns1:GetWord><range>ALL</range><opt xsi:type="SOAP-ENC:Array" SOAP-ENC:arrayType="xsd:string[3]"><item>Ala </item><item>ma </item><item>kota! :)</item></opt></ns1:GetWord></SOAP-ENV:Body></SOAP-ENV:Envelope>
POST /open/server.php HTTP/1.1
Host: brzeszczot.net
User-Agent: gSOAP/2.8
Content-Type: text/xml; charset=utf-8
Content-Length: 527
Connection: close
Authorization: Basic ZHVwYTpkdXBh
SOAPAction: "http://brzeszczot.net/open/AccountAuth"

<?xml version="1.0" encoding="UTF-8"?>
<SOAP-ENV:Envelope xmlns:SOAP-ENV="http://schemas.xmlsoap.org/soap/envelope/" xmlns:SOAP-ENC="http://schemas.xmlsoap.org/soap/encoding/" xmlns:xsi="http://www.w3.org/2001/XMLSchema-instance" xmlns:xsd="http://www.w3.org/2001/XMLSchema" xmlns:ns1="http://brzeszczot.net/open/"><SOAP-ENV:Body SOAP-ENV:encodingStyle="http://schemas.xmlsoap.org/soap/encoding/"><ns1:AccountAuth><email>brzeszczot@gmail.com</email><pass>alamakota</pass></ns1:AccountAuth></SOAP-ENV:Body></SOAP-ENV:Envelope>
POST /open/server.php HTTP/1.1
Host: brzeszczot.net
User-Agent: gSOAP/2.8
Content-Type: text/xml; charset=utf-8
Content-Length: 606
Connection: close
Authorization: Basic ZHVwYTpkdXBh
SOAPAction: "http://brzeszczot.net/open/GetWord"

<?xml version="1.0" encoding="UTF-8"?>
<SOAP-ENV:Envelope xmlns:SOAP-ENV="http://schemas.xmlsoap.org/soap/envelope/" xmlns:SOAP-ENC="http://schemas.xmlsoap.org/soap/encoding/" xmlns:xsi="http://www.w3.org/2001/XMLSchema-instance" xmlns:xsd="http://www.w3.org/2001/XMLSchema" xmlns:ns1="http://brzeszczot.net/open/"><SOAP-ENV:Body SOAP-ENV:encodingStyle="http://schemas.xmlsoap.org/soap/encoding/"><ns1:GetWord><range>ALL</range><opt xsi:type="SOAP-ENC:Array" SOAP-ENC:arrayType="xsd:string[3]"><item>Ala </item><item>ma </item><item>kota! :)</item></opt></ns1:GetWord></SOAP-ENV:Body></SOAP-ENV:Envelope>
POST /open/server.php HTTP/1.1
Host: brzeszczot.net
User-Agent: gSOAP/2.8
Content-Type: text/xml; charset=utf-8
Content-Length: 527
Connection: close
Authorization: Basic ZHVwYTpkdXBh
SOAPAction: "http://brzeszczot.net/open/AccountAuth"

<?xml version="1.0" encoding="UTF-8"?>
<SOAP-ENV:Envelope xmlns:SOAP-ENV="http://schemas.xmlsoap.org/soap/envelope/" xmlns:SOAP-ENC="http://schemas.xmlsoap.org/soap/encoding/" xmlns:xsi="http://www.w3.org/2001/XMLSchema-instance" xmlns:xsd="http://www.w3.org/2001/XMLSchema" xmlns:ns1="http://brzeszczot.net/open/"><SOAP-ENV:Body SOAP-ENV:encodingStyle="http://schemas.xmlsoap.org/soap/encoding/"><ns1:AccountAuth><email>brzeszczot@gmail.com</email><pass>alamakota</pass></ns1:AccountAuth></SOAP-ENV:Body></SOAP-ENV:Envelope>
POST /open/server.php HTTP/1.1
Host: brzeszczot.net
User-Agent: gSOAP/2.8
Content-Type: text/xml; charset=utf-8
Content-Length: 606
Connection: close
Authorization: Basic ZHVwYTpkdXBh
SOAPAction: "http://brzeszczot.net/open/GetWord"

<?xml version="1.0" encoding="UTF-8"?>
<SOAP-ENV:Envelope xmlns:SOAP-ENV="http://schemas.xmlsoap.org/soap/envelope/" xmlns:SOAP-ENC="http://schemas.xmlsoap.org/soap/encoding/" xmlns:xsi="http://www.w3.org/2001/XMLSchema-instance" xmlns:xsd="http://www.w3.org/2001/XMLSchema" xmlns:ns1="http://brzeszczot.net/open/"><SOAP-ENV:Body SOAP-ENV:encodingStyle="http://schemas.xmlsoap.org/soap/encoding/"><ns1:GetWord><range>ALL</range><opt xsi:type="SOAP-ENC:Array" SOAP-ENC:arrayType="xsd:string[3]"><item>Ala </item><item>ma </item><item>kota! :)</item></opt></ns1:GetWord></SOAP-ENV:Body></SOAP-ENV:Envelope>
GET /open/server.php?WSDL HTTP/1.1
Host: brzeszczot.net
User-Agent: gSOAP/2.8
Connection: close
Accept-Encoding: gzip, deflate

GET /open/server.php?WSDL HTTP/1.1
Host: brzeszczot.net
User-Agent: gSOAP/2.8
Connection: close
Accept-Encoding: gzip, deflate

POST /open/server.php HTTP/1.1
Host: brzeszczot.net
User-Agent: gSOAP/2.8
Content-Type: text/xml; charset=utf-8
Content-Length: 574
Connection: close
Authorization: Basic ZHVwYTpkdXBh
SOAPAction: "http://brzeszczot.net/open/AccountAuth"

<?xml version="1.0" encoding="UTF-8"?>
<SOAP-ENV:Envelope xmlns:SOAP-ENV="http://schemas.xmlsoap.org/soap/envelope/" xmlns:SOAP-ENC="http://schemas.xmlsoap.org/soap/encoding/" xmlns:xsi="http://www.w3.org/2001/XMLSchema-instance" xmlns:xsd="http://www.w3.org/2001/XMLSchema" xmlns:ns1="http://brzeszczot.net/open/"><SOAP-ENV:Body SOAP-ENV:encodingStyle="http://schemas.xmlsoap.org/soap/encoding/"><ns1:AccountAuth><email>brzeszczot@gmail.com</email><pass>alamakota</pass><proj_id>1</proj_id><proj_hash>hash</proj_hash></ns1:AccountAuth></SOAP-ENV:Body></SOAP-ENV:Envelope>
POST /open/server.php HTTP/1.1
Host: brzeszczot.net
User-Agent: gSOAP/2.8
Content-Type: text/xml; charset=utf-8
Content-Length: 574
Connection: close
Authorization: Basic ZHVwYTpkdXBh
SOAPAction: "http://brzeszczot.net/open/AccountAuth"

<?xml version="1.0" encoding="UTF-8"?>
<SOAP-ENV:Envelope xmlns:SOAP-ENV="http://schemas.xmlsoap.org/soap/envelope/" xmlns:SOAP-ENC="http://schemas.xmlsoap.org/soap/encoding/" xmlns:xsi="http://www.w3.org/2001/XMLSchema-instance" xmlns:xsd="http://www.w3.org/2001/XMLSchema" xmlns:ns1="http://brzeszczot.net/open/"><SOAP-ENV:Body SOAP-ENV:encodingStyle="http://schemas.xmlsoap.org/soap/encoding/"><ns1:AccountAuth><email>brzeszczot@gmail.com</email><pass>alamakota</pass><proj_id>1</proj_id><proj_hash>hash</proj_hash></ns1:AccountAuth></SOAP-ENV:Body></SOAP-ENV:Envelope>
POST /open/server.php HTTP/1.1
Host: brzeszczot.net
User-Agent: gSOAP/2.8
Content-Type: text/xml; charset=utf-8
Content-Length: 597
Connection: close
Authorization: Basic ZHVwYTpkdXBh
SOAPAction: "http://brzeszczot.net/open/AccountAuth"

<?xml version="1.0" encoding="UTF-8"?>
<SOAP-ENV:Envelope xmlns:SOAP-ENV="http://schemas.xmlsoap.org/soap/envelope/" xmlns:SOAP-ENC="http://schemas.xmlsoap.org/soap/encoding/" xmlns:xsi="http://www.w3.org/2001/XMLSchema-instance" xmlns:xsd="http://www.w3.org/2001/XMLSchema" xmlns:ns1="http://brzeszczot.net/open/"><SOAP-ENV:Body SOAP-ENV:encodingStyle="http://schemas.xmlsoap.org/soap/encoding/"><ns1:AccountAuth><email>brzeszczot@gmail.com</email><pass>alamakota</pass><proj_id>1</proj_id><proj_hash>ffn843Q$m9f4$#T%%$G239jd3h9</proj_hash></ns1:AccountAuth></SOAP-ENV:Body></SOAP-ENV:Envelope>
POST /open/server.php HTTP/1.1
Host: brzeszczot.net
User-Agent: gSOAP/2.8
Content-Type: text/xml; charset=utf-8
Content-Length: 597
Connection: close
Authorization: Basic ZHVwYTpkdXBh
SOAPAction: "http://brzeszczot.net/open/AccountAuth"

<?xml version="1.0" encoding="UTF-8"?>
<SOAP-ENV:Envelope xmlns:SOAP-ENV="http://schemas.xmlsoap.org/soap/envelope/" xmlns:SOAP-ENC="http://schemas.xmlsoap.org/soap/encoding/" xmlns:xsi="http://www.w3.org/2001/XMLSchema-instance" xmlns:xsd="http://www.w3.org/2001/XMLSchema" xmlns:ns1="http://brzeszczot.net/open/"><SOAP-ENV:Body SOAP-ENV:encodingStyle="http://schemas.xmlsoap.org/soap/encoding/"><ns1:AccountAuth><email>brzeszczot@gmail.com</email><pass>alamakota</pass><proj_id>1</proj_id><proj_hash>ffn843Q$m9f4$#T%%$G239jd3h9</proj_hash></ns1:AccountAuth></SOAP-ENV:Body></SOAP-ENV:Envelope>
POST /open/server.php HTTP/1.1
Host: brzeszczot.net
User-Agent: gSOAP/2.8
Content-Type: text/xml; charset=utf-8
Content-Length: 597
Connection: close
Authorization: Basic ZHVwYTpkdXBh
SOAPAction: "http://brzeszczot.net/open/AccountAuth"

<?xml version="1.0" encoding="UTF-8"?>
<SOAP-ENV:Envelope xmlns:SOAP-ENV="http://schemas.xmlsoap.org/soap/envelope/" xmlns:SOAP-ENC="http://schemas.xmlsoap.org/soap/encoding/" xmlns:xsi="http://www.w3.org/2001/XMLSchema-instance" xmlns:xsd="http://www.w3.org/2001/XMLSchema" xmlns:ns1="http://brzeszczot.net/open/"><SOAP-ENV:Body SOAP-ENV:encodingStyle="http://schemas.xmlsoap.org/soap/encoding/"><ns1:AccountAuth><email>brzeszczot@gmail.com</email><pass>alamakota</pass><proj_id>1</proj_id><proj_hash>ffn843Q$m9f4$#T%%$G239jd3h9</proj_hash></ns1:AccountAuth></SOAP-ENV:Body></SOAP-ENV:Envelope>
POST /open/server.php HTTP/1.1
Host: brzeszczot.net
User-Agent: gSOAP/2.8
Content-Type: text/xml; charset=utf-8
Content-Length: 597
Connection: close
Authorization: Basic ZHVwYTpkdXBh
SOAPAction: "http://brzeszczot.net/open/AccountAuth"

<?xml version="1.0" encoding="UTF-8"?>
<SOAP-ENV:Envelope xmlns:SOAP-ENV="http://schemas.xmlsoap.org/soap/envelope/" xmlns:SOAP-ENC="http://schemas.xmlsoap.org/soap/encoding/" xmlns:xsi="http://www.w3.org/2001/XMLSchema-instance" xmlns:xsd="http://www.w3.org/2001/XMLSchema" xmlns:ns1="http://brzeszczot.net/open/"><SOAP-ENV:Body SOAP-ENV:encodingStyle="http://schemas.xmlsoap.org/soap/encoding/"><ns1:AccountAuth><email>brzeszczot@gmail.com</email><pass>alamakota</pass><proj_id>1</proj_id><proj_hash>ffn843Q$m9f4$#T%%$G239jd3h9</proj_hash></ns1:AccountAuth></SOAP-ENV:Body></SOAP-ENV:Envelope>
POST /open/server.php HTTP/1.1
Host: brzeszczot.net
User-Agent: gSOAP/2.8
Content-Type: text/xml; charset=utf-8
Content-Length: 597
Connection: close
Authorization: Basic ZHVwYTpkdXBh
SOAPAction: "http://brzeszczot.net/open/AccountAuth"

<?xml version="1.0" encoding="UTF-8"?>
<SOAP-ENV:Envelope xmlns:SOAP-ENV="http://schemas.xmlsoap.org/soap/envelope/" xmlns:SOAP-ENC="http://schemas.xmlsoap.org/soap/encoding/" xmlns:xsi="http://www.w3.org/2001/XMLSchema-instance" xmlns:xsd="http://www.w3.org/2001/XMLSchema" xmlns:ns1="http://brzeszczot.net/open/"><SOAP-ENV:Body SOAP-ENV:encodingStyle="http://schemas.xmlsoap.org/soap/encoding/"><ns1:AccountAuth><email>brzeszczot@gmail.com</email><pass>alamakota</pass><proj_id>1</proj_id><proj_hash>ffn843Q$m9f4$#T%%$G239jd3h9</proj_hash></ns1:AccountAuth></SOAP-ENV:Body></SOAP-ENV:Envelope>
POST /open/server.php HTTP/1.1
Host: brzeszczot.net
User-Agent: gSOAP/2.8
Content-Type: text/xml; charset=utf-8
Content-Length: 597
Connection: close
Authorization: Basic ZHVwYTpkdXBh
SOAPAction: "http://brzeszczot.net/open/AccountAuth"

<?xml version="1.0" encoding="UTF-8"?>
<SOAP-ENV:Envelope xmlns:SOAP-ENV="http://schemas.xmlsoap.org/soap/envelope/" xmlns:SOAP-ENC="http://schemas.xmlsoap.org/soap/encoding/" xmlns:xsi="http://www.w3.org/2001/XMLSchema-instance" xmlns:xsd="http://www.w3.org/2001/XMLSchema" xmlns:ns1="http://brzeszczot.net/open/"><SOAP-ENV:Body SOAP-ENV:encodingStyle="http://schemas.xmlsoap.org/soap/encoding/"><ns1:AccountAuth><email>brzeszczot@gmail.com</email><pass>alamakota</pass><proj_id>1</proj_id><proj_hash>ffn843Q$m9f4$#T%%$G239jd3h9</proj_hash></ns1:AccountAuth></SOAP-ENV:Body></SOAP-ENV:Envelope>
POST /open/server.php HTTP/1.1
Host: brzeszczot.net
User-Agent: gSOAP/2.8
Content-Type: text/xml; charset=utf-8
Content-Length: 597
Connection: close
Authorization: Basic ZHVwYTpkdXBh
SOAPAction: "http://brzeszczot.net/open/AccountAuth"

<?xml version="1.0" encoding="UTF-8"?>
<SOAP-ENV:Envelope xmlns:SOAP-ENV="http://schemas.xmlsoap.org/soap/envelope/" xmlns:SOAP-ENC="http://schemas.xmlsoap.org/soap/encoding/" xmlns:xsi="http://www.w3.org/2001/XMLSchema-instance" xmlns:xsd="http://www.w3.org/2001/XMLSchema" xmlns:ns1="http://brzeszczot.net/open/"><SOAP-ENV:Body SOAP-ENV:encodingStyle="http://schemas.xmlsoap.org/soap/encoding/"><ns1:AccountAuth><email>brzeszczot@gmail.com</email><pass>alamakota</pass><proj_id>1</proj_id><proj_hash>ffn843Q$m9f4$#T%%$G239jd3h9</proj_hash></ns1:AccountAuth></SOAP-ENV:Body></SOAP-ENV:Envelope>
POST /open/server.php HTTP/1.1
Host: brzeszczot.net
User-Agent: gSOAP/2.8
Content-Type: text/xml; charset=utf-8
Content-Length: 597
Connection: close
Authorization: Basic ZHVwYTpkdXBh
SOAPAction: "http://brzeszczot.net/open/AccountAuth"

<?xml version="1.0" encoding="UTF-8"?>
<SOAP-ENV:Envelope xmlns:SOAP-ENV="http://schemas.xmlsoap.org/soap/envelope/" xmlns:SOAP-ENC="http://schemas.xmlsoap.org/soap/encoding/" xmlns:xsi="http://www.w3.org/2001/XMLSchema-instance" xmlns:xsd="http://www.w3.org/2001/XMLSchema" xmlns:ns1="http://brzeszczot.net/open/"><SOAP-ENV:Body SOAP-ENV:encodingStyle="http://schemas.xmlsoap.org/soap/encoding/"><ns1:AccountAuth><email>brzeszczot@gmail.com</email><pass>alamakota</pass><proj_id>1</proj_id><proj_hash>ffn843Q$m9f4$#T%%$G239jd3h9</proj_hash></ns1:AccountAuth></SOAP-ENV:Body></SOAP-ENV:Envelope>
POST /open/server.php HTTP/1.1
Host: brzeszczot.net
User-Agent: gSOAP/2.8
Content-Type: text/xml; charset=utf-8
Content-Length: 597
Connection: close
Authorization: Basic ZHVwYTpkdXBh
SOAPAction: "http://brzeszczot.net/open/AccountAuth"

<?xml version="1.0" encoding="UTF-8"?>
<SOAP-ENV:Envelope xmlns:SOAP-ENV="http://schemas.xmlsoap.org/soap/envelope/" xmlns:SOAP-ENC="http://schemas.xmlsoap.org/soap/encoding/" xmlns:xsi="http://www.w3.org/2001/XMLSchema-instance" xmlns:xsd="http://www.w3.org/2001/XMLSchema" xmlns:ns1="http://brzeszczot.net/open/"><SOAP-ENV:Body SOAP-ENV:encodingStyle="http://schemas.xmlsoap.org/soap/encoding/"><ns1:AccountAuth><email>brzeszczot@gmail.com</email><pass>alamakota</pass><proj_id>1</proj_id><proj_hash>ffn843Q$m9f4$#T%%$G239jd3h9</proj_hash></ns1:AccountAuth></SOAP-ENV:Body></SOAP-ENV:Envelope>
GET /open/server.php?WSDL HTTP/1.1
Host: brzeszczot.net
User-Agent: gSOAP/2.8
Connection: close
Accept-Encoding: gzip, deflate

GET /open/server.php?WSDL HTTP/1.1
Host: brzeszczot.net
User-Agent: gSOAP/2.8
Connection: close
Accept-Encoding: gzip, deflate

GET /open/server.php?WSDL HTTP/1.1
Host: brzeszczot.net
User-Agent: gSOAP/2.8
Connection: close
Accept-Encoding: gzip, deflate

GET /open/server.php?WSDL HTTP/1.1
Host: brzeszczot.net
User-Agent: gSOAP/2.8
Connection: close
Accept-Encoding: gzip, deflate

POST /open/server.php HTTP/1.1
Host: brzeszczot.net
User-Agent: gSOAP/2.8
Content-Type: text/xml; charset=utf-8
Content-Length: 597
Connection: close
Authorization: Basic ZHVwYTpkdXBh
SOAPAction: "http://brzeszczot.net/open/AccountAuth"

<?xml version="1.0" encoding="UTF-8"?>
<SOAP-ENV:Envelope xmlns:SOAP-ENV="http://schemas.xmlsoap.org/soap/envelope/" xmlns:SOAP-ENC="http://schemas.xmlsoap.org/soap/encoding/" xmlns:xsi="http://www.w3.org/2001/XMLSchema-instance" xmlns:xsd="http://www.w3.org/2001/XMLSchema" xmlns:ns1="http://brzeszczot.net/open/"><SOAP-ENV:Body SOAP-ENV:encodingStyle="http://schemas.xmlsoap.org/soap/encoding/"><ns1:AccountAuth><email>brzeszczot@gmail.com</email><pass>alamakota</pass><proj_id>1</proj_id><proj_hash>ffn843Q$m9f4$#T%%$G239jd3h9</proj_hash></ns1:AccountAuth></SOAP-ENV:Body></SOAP-ENV:Envelope>
POST /open/server.php HTTP/1.1
Host: brzeszczot.net
User-Agent: gSOAP/2.8
Content-Type: text/xml; charset=utf-8
Content-Length: 658
Connection: close
Authorization: Basic ZHVwYTpkdXBh
SOAPAction: "http://brzeszczot.net/open/AccountAuth"

<?xml version="1.0" encoding="UTF-8"?>
<SOAP-ENV:Envelope xmlns:SOAP-ENV="http://schemas.xmlsoap.org/soap/envelope/" xmlns:SOAP-ENC="http://schemas.xmlsoap.org/soap/encoding/" xmlns:xsi="http://www.w3.org/2001/XMLSchema-instance" xmlns:xsd="http://www.w3.org/2001/XMLSchema" xmlns:ns1="http://brzeszczot.net/open/"><SOAP-ENV:Body SOAP-ENV:encodingStyle="http://schemas.xmlsoap.org/soap/encoding/"><ns1:AccountAuth><email>brzeszczot@gmail.com</email><proj>Test</proj><timestamp>1234567890</timestamp><proj_hash>ffn843Q$m9f4$#T%%$G239jd3h9</proj_hash><email_hash>49384fj3984jf948fj34fh3434f8</email_hash></ns1:AccountAuth></SOAP-ENV:Body></SOAP-ENV:Envelope>
POST /open/server.php HTTP/1.1
Host: brzeszczot.net
User-Agent: gSOAP/2.8
Content-Type: text/xml; charset=utf-8
Content-Length: 658
Connection: close
Authorization: Basic ZHVwYTpkdXBh
SOAPAction: "http://brzeszczot.net/open/AccountAuth"

<?xml version="1.0" encoding="UTF-8"?>
<SOAP-ENV:Envelope xmlns:SOAP-ENV="http://schemas.xmlsoap.org/soap/envelope/" xmlns:SOAP-ENC="http://schemas.xmlsoap.org/soap/encoding/" xmlns:xsi="http://www.w3.org/2001/XMLSchema-instance" xmlns:xsd="http://www.w3.org/2001/XMLSchema" xmlns:ns1="http://brzeszczot.net/open/"><SOAP-ENV:Body SOAP-ENV:encodingStyle="http://schemas.xmlsoap.org/soap/encoding/"><ns1:AccountAuth><email>brzeszczot@gmail.com</email><proj>Test</proj><timestamp>1234567890</timestamp><proj_hash>ffn843Q$m9f4$#T%%$G239jd3h9</proj_hash><email_hash>49384fj3984jf948fj34fh3434f8</email_hash></ns1:AccountAuth></SOAP-ENV:Body></SOAP-ENV:Envelope>
POST /open/server.php HTTP/1.1
Host: brzeszczot.net
User-Agent: gSOAP/2.8
Content-Type: text/xml; charset=utf-8
Content-Length: 677
Connection: close
Authorization: Basic ZHVwYTpkdXBh
SOAPAction: "http://brzeszczot.net/open/AccountAuth"

<?xml version="1.0" encoding="UTF-8"?>
<SOAP-ENV:Envelope xmlns:SOAP-ENV="http://schemas.xmlsoap.org/soap/envelope/" xmlns:SOAP-ENC="http://schemas.xmlsoap.org/soap/encoding/" xmlns:xsi="http://www.w3.org/2001/XMLSchema-instance" xmlns:xsd="http://www.w3.org/2001/XMLSchema" xmlns:ns1="http://brzeszczot.net/open/"><SOAP-ENV:Body SOAP-ENV:encodingStyle="http://schemas.xmlsoap.org/soap/encoding/"><ns1:AccountAuth><email>brzeszczot@gmail.com</email><proj>Test</proj><timestamp>Tue Jan  5 14:53:30 2016&#xA;</timestamp><proj_hash>ffn843Q$m9f4$#T%%$G239jd3h9</proj_hash><email_hash>49384fj3984jf948fj34fh3434f8</email_hash></ns1:AccountAuth></SOAP-ENV:Body></SOAP-ENV:Envelope>
POST /open/server.php HTTP/1.1
Host: brzeszczot.net
User-Agent: gSOAP/2.8
Content-Type: text/xml; charset=utf-8
Content-Length: 677
Connection: close
Authorization: Basic ZHVwYTpkdXBh
SOAPAction: "http://brzeszczot.net/open/AccountAuth"

<?xml version="1.0" encoding="UTF-8"?>
<SOAP-ENV:Envelope xmlns:SOAP-ENV="http://schemas.xmlsoap.org/soap/envelope/" xmlns:SOAP-ENC="http://schemas.xmlsoap.org/soap/encoding/" xmlns:xsi="http://www.w3.org/2001/XMLSchema-instance" xmlns:xsd="http://www.w3.org/2001/XMLSchema" xmlns:ns1="http://brzeszczot.net/open/"><SOAP-ENV:Body SOAP-ENV:encodingStyle="http://schemas.xmlsoap.org/soap/encoding/"><ns1:AccountAuth><email>brzeszczot@gmail.com</email><proj>Test</proj><timestamp>Tue Jan  5 14:54:25 2016&#xA;</timestamp><proj_hash>ffn843Q$m9f4$#T%%$G239jd3h9</proj_hash><email_hash>49384fj3984jf948fj34fh3434f8</email_hash></ns1:AccountAuth></SOAP-ENV:Body></SOAP-ENV:Envelope>
POST /open/server.php HTTP/1.1
Host: brzeszczot.net
User-Agent: gSOAP/2.8
Content-Type: text/xml; charset=utf-8
Content-Length: 677
Connection: close
Authorization: Basic ZHVwYTpkdXBh
SOAPAction: "http://brzeszczot.net/open/AccountAuth"

<?xml version="1.0" encoding="UTF-8"?>
<SOAP-ENV:Envelope xmlns:SOAP-ENV="http://schemas.xmlsoap.org/soap/envelope/" xmlns:SOAP-ENC="http://schemas.xmlsoap.org/soap/encoding/" xmlns:xsi="http://www.w3.org/2001/XMLSchema-instance" xmlns:xsd="http://www.w3.org/2001/XMLSchema" xmlns:ns1="http://brzeszczot.net/open/"><SOAP-ENV:Body SOAP-ENV:encodingStyle="http://schemas.xmlsoap.org/soap/encoding/"><ns1:AccountAuth><email>brzeszczot@gmail.com</email><proj>Test</proj><timestamp>Tue Jan  5 14:54:28 2016&#xA;</timestamp><proj_hash>ffn843Q$m9f4$#T%%$G239jd3h9</proj_hash><email_hash>49384fj3984jf948fj34fh3434f8</email_hash></ns1:AccountAuth></SOAP-ENV:Body></SOAP-ENV:Envelope>
POST /open/server.php HTTP/1.1
Host: brzeszczot.net
User-Agent: gSOAP/2.8
Content-Type: text/xml; charset=utf-8
Content-Length: 658
Connection: close
Authorization: Basic ZHVwYTpkdXBh
SOAPAction: "http://brzeszczot.net/open/AccountAuth"

<?xml version="1.0" encoding="UTF-8"?>
<SOAP-ENV:Envelope xmlns:SOAP-ENV="http://schemas.xmlsoap.org/soap/envelope/" xmlns:SOAP-ENC="http://schemas.xmlsoap.org/soap/encoding/" xmlns:xsi="http://www.w3.org/2001/XMLSchema-instance" xmlns:xsd="http://www.w3.org/2001/XMLSchema" xmlns:ns1="http://brzeszczot.net/open/"><SOAP-ENV:Body SOAP-ENV:encodingStyle="http://schemas.xmlsoap.org/soap/encoding/"><ns1:AccountAuth><email>brzeszczot@gmail.com</email><proj>Test</proj><timestamp>1452002277</timestamp><proj_hash>ffn843Q$m9f4$#T%%$G239jd3h9</proj_hash><email_hash>49384fj3984jf948fj34fh3434f8</email_hash></ns1:AccountAuth></SOAP-ENV:Body></SOAP-ENV:Envelope>
POST /open/server.php HTTP/1.1
Host: brzeszczot.net
User-Agent: gSOAP/2.8
Content-Type: text/xml; charset=utf-8
Content-Length: 658
Connection: close
Authorization: Basic ZHVwYTpkdXBh
SOAPAction: "http://brzeszczot.net/open/AccountAuth"

<?xml version="1.0" encoding="UTF-8"?>
<SOAP-ENV:Envelope xmlns:SOAP-ENV="http://schemas.xmlsoap.org/soap/envelope/" xmlns:SOAP-ENC="http://schemas.xmlsoap.org/soap/encoding/" xmlns:xsi="http://www.w3.org/2001/XMLSchema-instance" xmlns:xsd="http://www.w3.org/2001/XMLSchema" xmlns:ns1="http://brzeszczot.net/open/"><SOAP-ENV:Body SOAP-ENV:encodingStyle="http://schemas.xmlsoap.org/soap/encoding/"><ns1:AccountAuth><email>brzeszczot@gmail.com</email><proj>Test</proj><timestamp>1452002280</timestamp><proj_hash>ffn843Q$m9f4$#T%%$G239jd3h9</proj_hash><email_hash>49384fj3984jf948fj34fh3434f8</email_hash></ns1:AccountAuth></SOAP-ENV:Body></SOAP-ENV:Envelope>
POST /open/server.php HTTP/1.1
Host: brzeszczot.net
User-Agent: gSOAP/2.8
Content-Type: text/xml; charset=utf-8
Content-Length: 658
Connection: close
Authorization: Basic ZHVwYTpkdXBh
SOAPAction: "http://brzeszczot.net/open/AccountAuth"

<?xml version="1.0" encoding="UTF-8"?>
<SOAP-ENV:Envelope xmlns:SOAP-ENV="http://schemas.xmlsoap.org/soap/envelope/" xmlns:SOAP-ENC="http://schemas.xmlsoap.org/soap/encoding/" xmlns:xsi="http://www.w3.org/2001/XMLSchema-instance" xmlns:xsd="http://www.w3.org/2001/XMLSchema" xmlns:ns1="http://brzeszczot.net/open/"><SOAP-ENV:Body SOAP-ENV:encodingStyle="http://schemas.xmlsoap.org/soap/encoding/"><ns1:AccountAuth><email>brzeszczot@gmail.com</email><proj>Test</proj><timestamp>1452002281</timestamp><proj_hash>ffn843Q$m9f4$#T%%$G239jd3h9</proj_hash><email_hash>49384fj3984jf948fj34fh3434f8</email_hash></ns1:AccountAuth></SOAP-ENV:Body></SOAP-ENV:Envelope>
POST /open/server.php HTTP/1.1
Host: brzeszczot.net
User-Agent: gSOAP/2.8
Content-Type: text/xml; charset=utf-8
Content-Length: 662
Connection: close
Authorization: Basic ZHVwYTpkdXBh
SOAPAction: "http://brzeszczot.net/open/AccountAuth"

<?xml version="1.0" encoding="UTF-8"?>
<SOAP-ENV:Envelope xmlns:SOAP-ENV="http://schemas.xmlsoap.org/soap/envelope/" xmlns:SOAP-ENC="http://schemas.xmlsoap.org/soap/encoding/" xmlns:xsi="http://www.w3.org/2001/XMLSchema-instance" xmlns:xsd="http://www.w3.org/2001/XMLSchema" xmlns:ns1="http://brzeszczot.net/open/"><SOAP-ENV:Body SOAP-ENV:encodingStyle="http://schemas.xmlsoap.org/soap/encoding/"><ns1:AccountAuth><email>brzeszczot@gmail.com</email><proj>Test</proj><timestamp>1452002737</timestamp><proj_hash>TestTestPass1452002737jakishash</proj_hash><email_hash>49384fj3984jf948fj34fh3434f8</email_hash></ns1:AccountAuth></SOAP-ENV:Body></SOAP-ENV:Envelope>
POST /open/server.php HTTP/1.1
Host: brzeszczot.net
User-Agent: gSOAP/2.8
Content-Type: text/xml; charset=utf-8
Content-Length: 695
Connection: close
Authorization: Basic ZHVwYTpkdXBh
SOAPAction: "http://brzeszczot.net/open/AccountAuth"

<?xml version="1.0" encoding="UTF-8"?>
<SOAP-ENV:Envelope xmlns:SOAP-ENV="http://schemas.xmlsoap.org/soap/envelope/" xmlns:SOAP-ENC="http://schemas.xmlsoap.org/soap/encoding/" xmlns:xsi="http://www.w3.org/2001/XMLSchema-instance" xmlns:xsd="http://www.w3.org/2001/XMLSchema" xmlns:ns1="http://brzeszczot.net/open/"><SOAP-ENV:Body SOAP-ENV:encodingStyle="http://schemas.xmlsoap.org/soap/encoding/"><ns1:AccountAuth><email>brzeszczot@gmail.com</email><proj>Test</proj><timestamp>1452002776</timestamp><proj_hash>6da8d9d472228bf26320a07be0edff014f3772d49595f2aba920607092266190</proj_hash><email_hash>49384fj3984jf948fj34fh3434f8</email_hash></ns1:AccountAuth></SOAP-ENV:Body></SOAP-ENV:Envelope>
POST /open/server.php HTTP/1.1
Host: brzeszczot.net
User-Agent: gSOAP/2.8
Content-Type: text/xml; charset=utf-8
Content-Length: 695
Connection: close
Authorization: Basic ZHVwYTpkdXBh
SOAPAction: "http://brzeszczot.net/open/AccountAuth"

<?xml version="1.0" encoding="UTF-8"?>
<SOAP-ENV:Envelope xmlns:SOAP-ENV="http://schemas.xmlsoap.org/soap/envelope/" xmlns:SOAP-ENC="http://schemas.xmlsoap.org/soap/encoding/" xmlns:xsi="http://www.w3.org/2001/XMLSchema-instance" xmlns:xsd="http://www.w3.org/2001/XMLSchema" xmlns:ns1="http://brzeszczot.net/open/"><SOAP-ENV:Body SOAP-ENV:encodingStyle="http://schemas.xmlsoap.org/soap/encoding/"><ns1:AccountAuth><email>brzeszczot@gmail.com</email><proj>Test</proj><timestamp>1452003112</timestamp><proj_hash>f2e45810d58fe5ccd4f8d62390d27433bfbacbe789806e26a3aadd75128aaaa6</proj_hash><email_hash>49384fj3984jf948fj34fh3434f8</email_hash></ns1:AccountAuth></SOAP-ENV:Body></SOAP-ENV:Envelope>
POST /open/server.php HTTP/1.1
Host: brzeszczot.net
User-Agent: gSOAP/2.8
Content-Type: text/xml; charset=utf-8
Content-Length: 695
Connection: close
Authorization: Basic ZHVwYTpkdXBh
SOAPAction: "http://brzeszczot.net/open/AccountAuth"

<?xml version="1.0" encoding="UTF-8"?>
<SOAP-ENV:Envelope xmlns:SOAP-ENV="http://schemas.xmlsoap.org/soap/envelope/" xmlns:SOAP-ENC="http://schemas.xmlsoap.org/soap/encoding/" xmlns:xsi="http://www.w3.org/2001/XMLSchema-instance" xmlns:xsd="http://www.w3.org/2001/XMLSchema" xmlns:ns1="http://brzeszczot.net/open/"><SOAP-ENV:Body SOAP-ENV:encodingStyle="http://schemas.xmlsoap.org/soap/encoding/"><ns1:AccountAuth><email>brzeszczot@gmail.com</email><proj>Test</proj><timestamp>1452003145</timestamp><proj_hash>dbaed6b137d512efdd910d499a06eda6e5fe1ea8b2c54002b49d1eef640cd86e</proj_hash><email_hash>49384fj3984jf948fj34fh3434f8</email_hash></ns1:AccountAuth></SOAP-ENV:Body></SOAP-ENV:Envelope>
POST /open/server.php HTTP/1.1
Host: brzeszczot.net
User-Agent: gSOAP/2.8
Content-Type: text/xml; charset=utf-8
Content-Length: 731
Connection: close
Authorization: Basic ZHVwYTpkdXBh
SOAPAction: "http://brzeszczot.net/open/AccountAuth"

<?xml version="1.0" encoding="UTF-8"?>
<SOAP-ENV:Envelope xmlns:SOAP-ENV="http://schemas.xmlsoap.org/soap/envelope/" xmlns:SOAP-ENC="http://schemas.xmlsoap.org/soap/encoding/" xmlns:xsi="http://www.w3.org/2001/XMLSchema-instance" xmlns:xsd="http://www.w3.org/2001/XMLSchema" xmlns:ns1="http://brzeszczot.net/open/"><SOAP-ENV:Body SOAP-ENV:encodingStyle="http://schemas.xmlsoap.org/soap/encoding/"><ns1:AccountAuth><email>brzeszczot@gmail.com</email><proj>Test</proj><timestamp>1452003377</timestamp><proj_hash>0a34caed8fce1269d9f38f92212f4224764d92f13f4aa4790c4efd0cdfa81b0a</proj_hash><email_hash>81b9cb02be920470d20fc596d408c866d74b2e6618cecc23a6545c89dfff862c</email_hash></ns1:AccountAuth></SOAP-ENV:Body></SOAP-ENV:Envelope>
POST /open/server.php HTTP/1.1
Host: brzeszczot.net
User-Agent: gSOAP/2.8
Content-Type: text/xml; charset=utf-8
Content-Length: 731
Connection: close
Authorization: Basic ZHVwYTpkdXBh
SOAPAction: "http://brzeszczot.net/open/AccountAuth"

<?xml version="1.0" encoding="UTF-8"?>
<SOAP-ENV:Envelope xmlns:SOAP-ENV="http://schemas.xmlsoap.org/soap/envelope/" xmlns:SOAP-ENC="http://schemas.xmlsoap.org/soap/encoding/" xmlns:xsi="http://www.w3.org/2001/XMLSchema-instance" xmlns:xsd="http://www.w3.org/2001/XMLSchema" xmlns:ns1="http://brzeszczot.net/open/"><SOAP-ENV:Body SOAP-ENV:encodingStyle="http://schemas.xmlsoap.org/soap/encoding/"><ns1:AccountAuth><email>brzeszczot@gmail.com</email><proj>Test</proj><timestamp>1452003380</timestamp><proj_hash>ebffedd601b1a4cd033e96d93772426c06253bc95dd49669dc435ae47f008349</proj_hash><email_hash>f062ecf03c521943e75e80bfa27e99abf18adc00dbef1bb85f69079b7b346cd2</email_hash></ns1:AccountAuth></SOAP-ENV:Body></SOAP-ENV:Envelope>
POST /open/server.php HTTP/1.1
Host: brzeszczot.net
User-Agent: gSOAP/2.8
Content-Type: text/xml; charset=utf-8
Content-Length: 731
Connection: close
Authorization: Basic ZHVwYTpkdXBh
SOAPAction: "http://brzeszczot.net/open/AccountAuth"

<?xml version="1.0" encoding="UTF-8"?>
<SOAP-ENV:Envelope xmlns:SOAP-ENV="http://schemas.xmlsoap.org/soap/envelope/" xmlns:SOAP-ENC="http://schemas.xmlsoap.org/soap/encoding/" xmlns:xsi="http://www.w3.org/2001/XMLSchema-instance" xmlns:xsd="http://www.w3.org/2001/XMLSchema" xmlns:ns1="http://brzeszczot.net/open/"><SOAP-ENV:Body SOAP-ENV:encodingStyle="http://schemas.xmlsoap.org/soap/encoding/"><ns1:AccountAuth><email>brzeszczot@gmail.com</email><proj>Test</proj><timestamp>1452003381</timestamp><proj_hash>73f2d71f5a560e3651c3fe79b4a6b66e3fd49dd83949b73f8be3b97832600043</proj_hash><email_hash>045de97650918a249f509e979132a93001d68115e37d71b0816fa4242a346bbd</email_hash></ns1:AccountAuth></SOAP-ENV:Body></SOAP-ENV:Envelope>
POST /open/server.php HTTP/1.1
Host: brzeszczot.net
User-Agent: gSOAP/2.8
Content-Type: text/xml; charset=utf-8
Content-Length: 731
Connection: close
Authorization: Basic ZHVwYTpkdXBh
SOAPAction: "http://brzeszczot.net/open/AccountAuth"

<?xml version="1.0" encoding="UTF-8"?>
<SOAP-ENV:Envelope xmlns:SOAP-ENV="http://schemas.xmlsoap.org/soap/envelope/" xmlns:SOAP-ENC="http://schemas.xmlsoap.org/soap/encoding/" xmlns:xsi="http://www.w3.org/2001/XMLSchema-instance" xmlns:xsd="http://www.w3.org/2001/XMLSchema" xmlns:ns1="http://brzeszczot.net/open/"><SOAP-ENV:Body SOAP-ENV:encodingStyle="http://schemas.xmlsoap.org/soap/encoding/"><ns1:AccountAuth><email>brzeszczot@gmail.com</email><proj>Test</proj><timestamp>1452003383</timestamp><proj_hash>a62bf4be2ae85b4e60f36375556639470f6ae6871abbb6a7ec7848df987ce831</proj_hash><email_hash>62f7f7e478a942ba838dd4f702d527055ce5b1a6479e333c347d018c9ceac4ce</email_hash></ns1:AccountAuth></SOAP-ENV:Body></SOAP-ENV:Envelope>
POST /open/server.php HTTP/1.1
Host: brzeszczot.net
User-Agent: gSOAP/2.8
Content-Type: text/xml; charset=utf-8
Content-Length: 731
Connection: close
Authorization: Basic ZHVwYTpkdXBh
SOAPAction: "http://brzeszczot.net/open/AccountAuth"

<?xml version="1.0" encoding="UTF-8"?>
<SOAP-ENV:Envelope xmlns:SOAP-ENV="http://schemas.xmlsoap.org/soap/envelope/" xmlns:SOAP-ENC="http://schemas.xmlsoap.org/soap/encoding/" xmlns:xsi="http://www.w3.org/2001/XMLSchema-instance" xmlns:xsd="http://www.w3.org/2001/XMLSchema" xmlns:ns1="http://brzeszczot.net/open/"><SOAP-ENV:Body SOAP-ENV:encodingStyle="http://schemas.xmlsoap.org/soap/encoding/"><ns1:AccountAuth><email>brzeszczot@gmail.com</email><proj>Test</proj><timestamp>1452003384</timestamp><proj_hash>fcbf64d7c5d6ac6a712b2610125788afd077a4f6fef08470ec8c9698daf79caf</proj_hash><email_hash>9d5cecc5fc53a283ba2f2d7aea890a494711ca5020df31f457d66787a08421ef</email_hash></ns1:AccountAuth></SOAP-ENV:Body></SOAP-ENV:Envelope>
POST /open/server.php HTTP/1.1
Host: brzeszczot.net
User-Agent: gSOAP/2.8
Content-Type: text/xml; charset=utf-8
Content-Length: 731
Connection: close
Authorization: Basic ZHVwYTpkdXBh
SOAPAction: "http://brzeszczot.net/open/AccountAuth"

<?xml version="1.0" encoding="UTF-8"?>
<SOAP-ENV:Envelope xmlns:SOAP-ENV="http://schemas.xmlsoap.org/soap/envelope/" xmlns:SOAP-ENC="http://schemas.xmlsoap.org/soap/encoding/" xmlns:xsi="http://www.w3.org/2001/XMLSchema-instance" xmlns:xsd="http://www.w3.org/2001/XMLSchema" xmlns:ns1="http://brzeszczot.net/open/"><SOAP-ENV:Body SOAP-ENV:encodingStyle="http://schemas.xmlsoap.org/soap/encoding/"><ns1:AccountAuth><email>brzeszczot@gmail.com</email><proj>Test</proj><timestamp>1452003536</timestamp><proj_hash>c2b9f5c1d75375e24e099e8a1a635600337ac86025edc365b2f3d49f3e75d497</proj_hash><email_hash>a0c8435c5598e9d32e2efe2973773fc3f247fdf2985d54a9953a5aebd1d241eb</email_hash></ns1:AccountAuth></SOAP-ENV:Body></SOAP-ENV:Envelope>
POST /open/server.php HTTP/1.1
Host: brzeszczot.net
User-Agent: gSOAP/2.8
Content-Type: text/xml; charset=utf-8
Content-Length: 731
Connection: close
Authorization: Basic ZHVwYTpkdXBh
SOAPAction: "http://brzeszczot.net/open/AccountAuth"

<?xml version="1.0" encoding="UTF-8"?>
<SOAP-ENV:Envelope xmlns:SOAP-ENV="http://schemas.xmlsoap.org/soap/envelope/" xmlns:SOAP-ENC="http://schemas.xmlsoap.org/soap/encoding/" xmlns:xsi="http://www.w3.org/2001/XMLSchema-instance" xmlns:xsd="http://www.w3.org/2001/XMLSchema" xmlns:ns1="http://brzeszczot.net/open/"><SOAP-ENV:Body SOAP-ENV:encodingStyle="http://schemas.xmlsoap.org/soap/encoding/"><ns1:AccountAuth><email>brzeszczot@gmail.com</email><proj>Test</proj><timestamp>1452003538</timestamp><proj_hash>05b6c3a1debafdb70732ff2e47980464236f716c9053e3510d2794bd41539217</proj_hash><email_hash>9d9a47df4eeb7dae1e2290c16e53fbc1fef5bc327c7a5fe817e534468cb92e02</email_hash></ns1:AccountAuth></SOAP-ENV:Body></SOAP-ENV:Envelope>
POST /open/server.php HTTP/1.1
Host: brzeszczot.net
User-Agent: gSOAP/2.8
Content-Type: text/xml; charset=utf-8
Content-Length: 731
Connection: close
Authorization: Basic ZHVwYTpkdXBh
SOAPAction: "http://brzeszczot.net/open/AccountAuth"

<?xml version="1.0" encoding="UTF-8"?>
<SOAP-ENV:Envelope xmlns:SOAP-ENV="http://schemas.xmlsoap.org/soap/envelope/" xmlns:SOAP-ENC="http://schemas.xmlsoap.org/soap/encoding/" xmlns:xsi="http://www.w3.org/2001/XMLSchema-instance" xmlns:xsd="http://www.w3.org/2001/XMLSchema" xmlns:ns1="http://brzeszczot.net/open/"><SOAP-ENV:Body SOAP-ENV:encodingStyle="http://schemas.xmlsoap.org/soap/encoding/"><ns1:AccountAuth><email>brzeszczot@gmail.com</email><proj>Test</proj><timestamp>1452003539</timestamp><proj_hash>0341d06635bec30d1a6383c78d114f5e69b7857d2a5e2c23bb36c2a099091246</proj_hash><email_hash>126a20161b670836520d905a6ebf957dbd8e1e2d124ee309fb704188f5cd4b51</email_hash></ns1:AccountAuth></SOAP-ENV:Body></SOAP-ENV:Envelope>
POST /open/server.php HTTP/1.1
Host: brzeszczot.net
User-Agent: gSOAP/2.8
Content-Type: text/xml; charset=utf-8
Content-Length: 731
Connection: close
Authorization: Basic ZHVwYTpkdXBh
SOAPAction: "http://brzeszczot.net/open/AccountAuth"

<?xml version="1.0" encoding="UTF-8"?>
<SOAP-ENV:Envelope xmlns:SOAP-ENV="http://schemas.xmlsoap.org/soap/envelope/" xmlns:SOAP-ENC="http://schemas.xmlsoap.org/soap/encoding/" xmlns:xsi="http://www.w3.org/2001/XMLSchema-instance" xmlns:xsd="http://www.w3.org/2001/XMLSchema" xmlns:ns1="http://brzeszczot.net/open/"><SOAP-ENV:Body SOAP-ENV:encodingStyle="http://schemas.xmlsoap.org/soap/encoding/"><ns1:AccountAuth><email>brzeszczot@gmail.com</email><proj>Test</proj><timestamp>1452003540</timestamp><proj_hash>9573e4e49477c888b471f13bfdc7b00cdd0d83f415fbfd782823b9cf6bc91096</proj_hash><email_hash>7c6f46df6052b9be281565f7f6483fdc73964fbb839bfb0add34fdbfa628332d</email_hash></ns1:AccountAuth></SOAP-ENV:Body></SOAP-ENV:Envelope>
